<?xml version="1.0" encoding="UTF-8"?>
<!-- Generated by org.testng.reporters.JUnitReportReporter -->
<testsuite hostname="DESKTOP-GD1IG5N" failures="0" tests="2" name="TestCases.LocationsTC" time="6.954" errors="0" timestamp="2023-08-22T05:50:10 PDT" skipped="1">
  <testcase classname="TestCases.LocationsTC" name="ManualLocation" time="6.954"/>
  <testcase classname="TestCases.LocationsTC" name="locations">
    <skipped/>
  </testcase> <!-- locations -->
</testsuite> <!-- TestCases.LocationsTC -->
