<?xml version="1.0" encoding="UTF-8"?>
<!-- Generated by org.testng.reporters.JUnitReportReporter -->
<testsuite hostname="DESKTOP-GD1IG5N" failures="0" tests="3" name="TestCases.HowGwWorksTC" time="11.937" errors="0" timestamp="2023-08-16T02:00:38 PDT" skipped="2">
  <testcase classname="TestCases.HowGwWorksTC" name="baseTestNavigation" time="11.937"/>
  <testcase classname="TestCases.HowGwWorksTC" name="ClickOnEachLink">
    <skipped/>
  </testcase> <!-- ClickOnEachLink -->
  <testcase classname="TestCases.HowGwWorksTC" name="BrokenLinks">
    <skipped/>
  </testcase> <!-- BrokenLinks -->
</testsuite> <!-- TestCases.HowGwWorksTC -->
